********************************************************************************
Product   : Virtuoso(R) XStream In
Program   : @(#)$CDS: strmin version 6.1.7-64b 05/24/2016 18:51 (sjfbm187) $
          : sub-version  IC6.1.7-64b.500.4 
Started at: 29-Jun-2019  09:34:53
User Name : dyrdol
Host Name : lab513-pc1
Directory : /home/student/DYPLOM/dyrdol/magisterka/virtuoso
CADENCE Design Systems, Inc.
********************************************************************************
Info: Cellview Rev Num:99,  Tech Rev Num:59

WARNING (XSTRM-75): Target library 'pads_ami06' is attached to the technology library 'NCSU_TechLib_ami06'. Therefore, the technology file is opened in read-only mode. All the undefined layer-purpose pairs will be dropped.
WARNING (XSTRM-107): Existing cells in the target library will be overwritten if the cell names in the Stream file and the target library are the same. To prevent this, set the '-writeMode' option to 'noOverwrite'.
INFO (XSTRM-217): Reading the layer map file, /home/student/DYPLOM/dyrdol/ncsu-cdk-1.6.0.beta/pipo/streamInLayermap
INFO (XSTRM-163): You have not used the viaMap option. If a viaMap file, corresponding techfile or technology library exist, then use the -viaMap option for creating oaVia instances in the Streamed-In library. Using the -viaMap option improves performance and VM usage of applications using the Streamed-In design. For details on the viaMap option, refer to the "Design Data Translator's Reference" guide for XStream.

Summary of Options:
	library				pads_ami06
	strmFile			/home/student/DYPLOM/dyrdol/magisterka/virtuoso/mAMI05P.gds
	logFile				strmIn.log
	view				layout
	case				Preserve
	layerMap			/home/student/DYPLOM/dyrdol/ncsu-cdk-1.6.0.beta/pipo/streamInLayermap
	propSeparator			,
	attachTechFileOfLib				NCSU_TechLib_ami06

INFO (XSTRM-220): 1. Translating STRUCTURE PadBoxX as cellView pads_ami06/PadBoxX/layout.
INFO (XSTRM-220): 2. Translating STRUCTURE PadBox as cellView pads_ami06/PadBox/layout.
INFO (XSTRM-220): 3. Translating STRUCTURE Pad_BidirHE as cellView pads_ami06/Pad_BidirHE/layout.
WARNING (XSTRM-36): The objects in the stream layer-datatype '42:1' are ignored. This is because the stream layer-datatype pair is not specified in the layer map file. Specify the stream layer-datatype pair in the layer map file and try again.
WARNING (XSTRM-36): The objects in the stream layer-datatype '43:1' are ignored. This is because the stream layer-datatype pair is not specified in the layer map file. Specify the stream layer-datatype pair in the layer map file and try again.
WARNING (XSTRM-36): The objects in the stream layer-datatype '49:1' are ignored. This is because the stream layer-datatype pair is not specified in the layer map file. Specify the stream layer-datatype pair in the layer map file and try again.
WARNING (XSTRM-36): The objects in the stream layer-datatype '51:1' are ignored. This is because the stream layer-datatype pair is not specified in the layer map file. Specify the stream layer-datatype pair in the layer map file and try again.
WARNING (XSTRM-36): The objects in the stream layer-datatype '51:1' are ignored. This is because the stream layer-datatype pair is not specified in the layer map file. Specify the stream layer-datatype pair in the layer map file and try again.
INFO (XSTRM-220): 4. Translating STRUCTURE PadGnd as cellView pads_ami06/PadGnd/layout.
WARNING (XSTRM-36): The objects in the stream layer-datatype '42:1' are ignored. This is because the stream layer-datatype pair is not specified in the layer map file. Specify the stream layer-datatype pair in the layer map file and try again.
WARNING (XSTRM-36): The objects in the stream layer-datatype '43:1' are ignored. This is because the stream layer-datatype pair is not specified in the layer map file. Specify the stream layer-datatype pair in the layer map file and try again.
WARNING (XSTRM-36): The objects in the stream layer-datatype '49:1' are ignored. This is because the stream layer-datatype pair is not specified in the layer map file. Specify the stream layer-datatype pair in the layer map file and try again.
WARNING (XSTRM-36): The objects in the stream layer-datatype '51:1' are ignored. This is because the stream layer-datatype pair is not specified in the layer map file. Specify the stream layer-datatype pair in the layer map file and try again.
INFO (XSTRM-220): 5. Translating STRUCTURE PadVdd as cellView pads_ami06/PadVdd/layout.
WARNING (XSTRM-36): The objects in the stream layer-datatype '42:1' are ignored. This is because the stream layer-datatype pair is not specified in the layer map file. Specify the stream layer-datatype pair in the layer map file and try again.
WARNING (XSTRM-36): The objects in the stream layer-datatype '43:1' are ignored. This is because the stream layer-datatype pair is not specified in the layer map file. Specify the stream layer-datatype pair in the layer map file and try again.
WARNING (XSTRM-36): The objects in the stream layer-datatype '49:1' are ignored. This is because the stream layer-datatype pair is not specified in the layer map file. Specify the stream layer-datatype pair in the layer map file and try again.
WARNING (XSTRM-36): The objects in the stream layer-datatype '51:1' are ignored. This is because the stream layer-datatype pair is not specified in the layer map file. Specify the stream layer-datatype pair in the layer map file and try again.
INFO (XSTRM-220): 6. Translating STRUCTURE PadARef as cellView pads_ami06/PadARef/layout.
WARNING (XSTRM-36): The objects in the stream layer-datatype '42:1' are ignored. This is because the stream layer-datatype pair is not specified in the layer map file. Specify the stream layer-datatype pair in the layer map file and try again.
WARNING (XSTRM-36): The objects in the stream layer-datatype '43:1' are ignored. This is because the stream layer-datatype pair is not specified in the layer map file. Specify the stream layer-datatype pair in the layer map file and try again.
WARNING (XSTRM-36): The objects in the stream layer-datatype '51:1' are ignored. This is because the stream layer-datatype pair is not specified in the layer map file. Specify the stream layer-datatype pair in the layer map file and try again.
INFO (XSTRM-220): 7. Translating STRUCTURE PadIO as cellView pads_ami06/PadIO/layout.
WARNING (XSTRM-36): The objects in the stream layer-datatype '42:1' are ignored. This is because the stream layer-datatype pair is not specified in the layer map file. Specify the stream layer-datatype pair in the layer map file and try again.
WARNING (XSTRM-36): The objects in the stream layer-datatype '43:1' are ignored. This is because the stream layer-datatype pair is not specified in the layer map file. Specify the stream layer-datatype pair in the layer map file and try again.
WARNING (XSTRM-36): The objects in the stream layer-datatype '51:1' are ignored. This is because the stream layer-datatype pair is not specified in the layer map file. Specify the stream layer-datatype pair in the layer map file and try again.
INFO (XSTRM-220): 8. Translating STRUCTURE PadSpace as cellView pads_ami06/PadSpace/layout.
WARNING (XSTRM-36): The objects in the stream layer-datatype '42:1' are ignored. This is because the stream layer-datatype pair is not specified in the layer map file. Specify the stream layer-datatype pair in the layer map file and try again.
WARNING (XSTRM-36): The objects in the stream layer-datatype '43:1' are ignored. This is because the stream layer-datatype pair is not specified in the layer map file. Specify the stream layer-datatype pair in the layer map file and try again.
WARNING (XSTRM-36): The objects in the stream layer-datatype '51:1' are ignored. This is because the stream layer-datatype pair is not specified in the layer map file. Specify the stream layer-datatype pair in the layer map file and try again.
INFO (XSTRM-220): 9. Translating STRUCTURE PadNC as cellView pads_ami06/PadNC/layout.
WARNING (XSTRM-36): The objects in the stream layer-datatype '42:1' are ignored. This is because the stream layer-datatype pair is not specified in the layer map file. Specify the stream layer-datatype pair in the layer map file and try again.
WARNING (XSTRM-36): The objects in the stream layer-datatype '43:1' are ignored. This is because the stream layer-datatype pair is not specified in the layer map file. Specify the stream layer-datatype pair in the layer map file and try again.
WARNING (XSTRM-36): The objects in the stream layer-datatype '51:1' are ignored. This is because the stream layer-datatype pair is not specified in the layer map file. Specify the stream layer-datatype pair in the layer map file and try again.
INFO (XSTRM-220): 10. Translating STRUCTURE PadFC as cellView pads_ami06/PadFC/layout.
WARNING (XSTRM-36): The objects in the stream layer-datatype '42:1' are ignored. This is because the stream layer-datatype pair is not specified in the layer map file. Specify the stream layer-datatype pair in the layer map file and try again.
WARNING (XSTRM-36): The objects in the stream layer-datatype '43:1' are ignored. This is because the stream layer-datatype pair is not specified in the layer map file. Specify the stream layer-datatype pair in the layer map file and try again.
WARNING (XSTRM-36): The objects in the stream layer-datatype '51:1' are ignored. This is because the stream layer-datatype pair is not specified in the layer map file. Specify the stream layer-datatype pair in the layer map file and try again.
INFO (XSTRM-220): 11. Translating STRUCTURE PadOut as cellView pads_ami06/PadOut/layout.
WARNING (XSTRM-36): The objects in the stream layer-datatype '42:1' are ignored. This is because the stream layer-datatype pair is not specified in the layer map file. Specify the stream layer-datatype pair in the layer map file and try again.
WARNING (XSTRM-36): The objects in the stream layer-datatype '43:1' are ignored. This is because the stream layer-datatype pair is not specified in the layer map file. Specify the stream layer-datatype pair in the layer map file and try again.
WARNING (XSTRM-36): The objects in the stream layer-datatype '49:1' are ignored. This is because the stream layer-datatype pair is not specified in the layer map file. Specify the stream layer-datatype pair in the layer map file and try again.
WARNING (XSTRM-36): The objects in the stream layer-datatype '51:1' are ignored. This is because the stream layer-datatype pair is not specified in the layer map file. Specify the stream layer-datatype pair in the layer map file and try again.
INFO (XSTRM-220): 12. Translating STRUCTURE PadInC as cellView pads_ami06/PadInC/layout.
WARNING (XSTRM-36): The objects in the stream layer-datatype '42:1' are ignored. This is because the stream layer-datatype pair is not specified in the layer map file. Specify the stream layer-datatype pair in the layer map file and try again.
WARNING (XSTRM-36): The objects in the stream layer-datatype '43:1' are ignored. This is because the stream layer-datatype pair is not specified in the layer map file. Specify the stream layer-datatype pair in the layer map file and try again.
WARNING (XSTRM-36): The objects in the stream layer-datatype '49:1' are ignored. This is because the stream layer-datatype pair is not specified in the layer map file. Specify the stream layer-datatype pair in the layer map file and try again.
WARNING (XSTRM-36): The objects in the stream layer-datatype '51:1' are ignored. This is because the stream layer-datatype pair is not specified in the layer map file. Specify the stream layer-datatype pair in the layer map file and try again.
INFO (XSTRM-220): 13. Translating STRUCTURE Lib_Pads as cellView pads_ami06/Lib_Pads/layout.
INFO (XSTRM-220): 14. Translating STRUCTURE Min_Frame as cellView pads_ami06/Min_Frame/layout.

Summary of Objects Translated:
	Instances:                              351
	CustomVias:                             0
	StandardVias:                           0
	CdsGenVias:                             0
	Arrays:                                 0
	Polygons:                               437
	Paths:                                  0
	PathSegs:                               0
	Rectangles:                             112388
	Text:                                   0
	Node:                                   0
	Line:                                   0
	Cells:                                  14

Elapsed Time: 2.7s   User Time: 0.1s   CPU Time: 0.1s   Peak VM: 77264KB
INFO (XSTRM-234): Translation completed. '0' error(s) and '38' warning(s) found.
