###############################################################
#  Generated by:      Cadence Innovus 17.11-s080_1
#  OS:                Linux x86_64(Host ID lab513-pc1)
#  Generated on:      Wed Jun 26 10:48:46 2019
#  Design:            elevator
#  Command:           checkDesign -io -netlist -physicalLibrary -powerGround -tieHilo -timingLibrary -spef -floorplan -place -outdir checkDesign
###############################################################
Design: elevator

------ Design Summary:
Total Standard Cell Number   (cells) : 750
Total Block Cell Number      (cells) : 0
Total I/O Pad Cell Number    (cells) : 0
Total Standard Cell Area     ( um^2) : 6738.96
Total Block Cell Area        ( um^2) : 0.00
Total I/O Pad Cell Area      ( um^2) : 0.00

------ Design Statistics:

Number of Instances            : 750
Number of Non-uniquified Insts : 743
Number of Nets                 : 818
Average number of Pins per Net : 3.55
Maximum number of Pins in Net  : 97

------ I/O Port summary

Number of Primary I/O Ports    : 44
Number of Input Ports          : 34
Number of Output Ports         : 10
Number of Bidirectional Ports  : 0
Number of Power/Ground Ports   : 0



------------------------------------------------------------
Detail report:


------ I/O Pad/Port Checking


------ Primitive Pins DRC Checking

**WARN: Instance 'buttons_inst/g3852' has multiple input pins tied together to net 'buttons_inst/n_140'.
**WARN: Instance 'buttons_inst/g3852' has multiple input pins tied together to net 'active_in_levels[0]'.
**WARN: Instance 'g39746' has multiple input pins tied together to net 'n_427'.
**WARN: Instance 'g39819' has multiple input pins tied together to net 'n_342'.
**WARN: Instance 'g39853' has multiple input pins tied together to net 'direction'.
**WARN: Instance 'g39876' has multiple input pins tied together to net 'n_282'.
**WARN: Instance 'g39886' has multiple input pins tied together to net 'n_7'.
**WARN: Instance 'g39902' has multiple input pins tied together to net 'n_7'.
**WARN: Instance 'g39922' has multiple input pins tied together to net 'direction'.
**WARN: Instance 'g39924' has multiple input pins tied together to net 'direction'.
**WARN: Instance 'g39960' has multiple input pins tied together to net 'n_7'.
**WARN: Instance 'g39996' has multiple input pins tied together to net 'n_183'.

------ Primitive Net DRC Check

WARNING : Net buttons_inst/UNCONNECTED13 has no FanOut pin
WARNING : Net buttons_inst/UNCONNECTED12 has no FanOut pin
WARNING : Net buttons_inst/UNCONNECTED11 has no FanOut pin
WARNING : Net buttons_inst/UNCONNECTED10 has no FanOut pin
WARNING : Net buttons_inst/UNCONNECTED9 has no FanOut pin
WARNING : Net buttons_inst/UNCONNECTED8 has no FanOut pin
WARNING : Net buttons_inst/UNCONNECTED7 has no FanOut pin
WARNING : Net buttons_inst/UNCONNECTED6 has no FanOut pin
WARNING : Net buttons_inst/UNCONNECTED5 has no FanOut pin
WARNING : Net buttons_inst/UNCONNECTED4 has no FanOut pin
WARNING : Net buttons_inst/UNCONNECTED3 has no FanOut pin
WARNING : Net buttons_inst/UNCONNECTED2 has no FanOut pin
WARNING : Net buttons_inst/UNCONNECTED1 has no FanOut pin
WARNING : Net buttons_inst/UNCONNECTED0 has no FanOut pin
WARNING : Net buttons_inst/UNCONNECTED has no FanOut pin
WARNING : Net UNCONNECTED_HIER_Z0 has no FanOut pin
WARNING : Net UNCONNECTED_HIER_Z has no FanOut pin
WARNING : Net saved_state[4] has no FanOut pin
WARNING : Net inactivate_out_down_levels[7] has no FanOut pin
WARNING : Net inactivate_out_up_levels[0] has no FanOut pin
WARNING : Net an_reset has 96 fanout
WARNING : Net clk has 86 fanout

