\o Program:		@(#)$CDS: libManager version 6.1.7 - CAT35 04/10/2016 16:14 (sjfnl137) $
\o Sub version:		sub-version  IC6.1.7 - CAT35.15s014 
\o Arguments:		-unmapped -mpssession virtuoso21131 -mpshost lab513-pc1 
\o Working Directory:	lab513-pc1:/home/student/pssw115/Documents/elevator_virt
\o 64-bit offsets
\o Qt version: 		4.8.5
\o changeWorkingDir("/home/student/pssw115/Documents/elevator_virt") unnecessary.
\o ddSetForcedLib("") unnecessary.
\o Log file is "/home/student/pssw115/Documents/elevator_virt/libManager.log".
\o Opening libManager window.
\a nrSetWindowVisibility(cdsLibManager "show")
\o MPS service: map window
\a nrSetCurrentWindow(cdsLibManager)
\o Library Manager customization server connected.
\a nrResizeWindow(cdsLibManager list(60 83 600 419))
\a nrResizeWindow(cdsLibManager list(2766 276 600 419))
\a cdsLibManager->FileNewLibButton->value = t
\a nrSetWindowVisibility(NewLibShell "show")
\a NewLibShell->QLineEdit2->value = "/home/student/pssw115/Documents/elevator_virt/"
\a nrSetCurrentWindow(cdsLibManager)
\a nrSetCurrentWindow(NewLibShell)
\a nrSetCurrentWindow(NewLibShell->subDialog)
\a nrResizeWindow(NewLibShell list(2803 166 507 559))
\a NewLibShell->newLibNameText->value = "elevator"
\a NewLibShell->newLibApplyButton->value = t
\a NewLibShell->subDialog->value = '("/home/student/pssw115/Documents/elevator_virt" "/home/student/pssw115/Documents/elevator_virt/")
\a nrSetWindowVisibility(workingDialogForm "show")
\a nrSetCurrentWindow(workingDialogForm)
\a nrResizeWindow(workingDialogForm list(2913 379 287 133))
\o Created new library "elevator" at /home/student/pssw115/Documents/elevator_virt/elevator.
\a nrSetCurrentWindow(NewLibShell)
\a nrSetCurrentWindow(NewLibShell->subDialog)
\a NewLibShell->newLibOKButton->value = t
\a NewLibShell->subDialog->value = '("/home/student/pssw115/Documents/elevator_virt" "/home/student/pssw115/Documents/elevator_virt/")
\a nrSetCurrentWindow(NewLibShell)
\a nrSetCurrentWindow(NewLibShell->subDialog)
\o ERROR (CLM-287): A library by that name already exists.
\a nrSetWindowVisibility(errorDialog "show")
\a nrSetCurrentWindow(errorDialog)
\a nrResizeWindow(errorDialog list(2989 384 262 122))
\a errorDialog->errorOkButton->value = t
\a nrSetCurrentWindow(NewLibShell)
\a nrSetCurrentWindow(NewLibShell->subDialog)
\a NewLibShell->newLibCancelButton->value = t
\a nrSetCurrentWindow(cdsLibManager)
\a cdsLibManager->libListBox->value = "elevator"
\a cdsLibManager->libLineEdit->value = "elevator"
\a nrSetCurrentWindow(cdsLibManager)
\a nrSetCurrentWindow(cdsLibManager)
\a nrSetCurrentWindow(cdsLibManager)
\a nrResizeWindow(cdsLibManager list(2373 215 600 419))
\a nrResizeWindow(cdsLibManager list(2124 288 600 419))
\a cdsLibManager->FileNewCVButton->value = t
\a nrSetCurrentWindow(cdsLibManager)
\a cdsLibManager->FileNewCVButton->value = t
\a nrResizeWindow(cdsLibManager list(968 158 600 419))
\a nrSetCurrentWindow(cdsLibManager)
\a nrSetCurrentWindow(cdsLibManager)
\a nrSetCurrentWindow(cdsLibManager)
\a nrSetCurrentWindow(cdsLibManager)
\a nrSetCurrentWindow(cdsLibManager)
\a cdsLibManager->cellListBox->value = "elevator_inst"
\a cdsLibManager->viewListBox->value = "functional"
\a cdsLibManager->viewLineEdit->value = "functional"
\a cdsLibManager->viewLineEdit->value = ""
\a cdsLibManager->viewListBox->value = nil
\a lmgrLogShowPopup("mainListPopup1" 40 8 2 "elevator_inst")
\a cdsLibManager->cellLineEdit->value = "elevator_inst"
\a cdsLibManager->editDeleteButton->value = t
\a deleteForm->deleteBothRadioButton->value = t
\a deleteForm->deleteFilterEdit->value = "*"
\a deleteForm->notDeleteFilterEdit->value = "*"
\a nrSetWindowVisibility(deleteForm "show")
\a nrSetCurrentWindow(deleteForm)
\a nrResizeWindow(deleteForm list(945 115 627 425))
\a deleteForm->moveToDontDeleteButton->value = t
\a deleteForm->moveToDeleteButton->value = t
\a deleteForm->OK->value = t
\o QUESTION (CLM-199): The following 1 items are marked for deletion.  Are you sure?
\a nrSetWindowVisibility(mcMBXDLG "show")
\a nrSetCurrentWindow(mcMBXDLG)
\a nrResizeWindow(mcMBXDLG list(1081 173 334 334))
\a mcMBXDLG->pushButton1->value = t
\o Deleting cell "elevator_inst" from library "elevator".
\a nrSetWindowVisibility(workingDialogForm "show")
\a nrSetCurrentWindow(deleteForm)
\a nrSetCurrentWindow(cdsLibManager)
\a nrSetCurrentWindow(workingDialogForm)
\a nrResizeWindow(workingDialogForm list(1115 261 287 133))
\o Deleted cell 'elevator/elevator_inst'.
\o Deletion of 1 cell done.
\a nrSetCurrentWindow(cdsLibManager)
\a cdsLibManager->libListBox->value = nil
\a cdsLibManager->libLineEdit->value = ""
\a cdsLibManager->libListBox->value = "elevator"
\a cdsLibManager->libLineEdit->value = "elevator"
\a cdsLibManager->cellLineEdit->value = ""
\a cdsLibManager->viewLineEdit->value = ""
\a cdsLibManager->libListBox->value = nil
\a cdsLibManager->libListBox->value = "UMC_18_CMOS"
\a cdsLibManager->libListBox->value = "elevator"
\a cdsLibManager->libLineEdit->value = "elevator"
\a cdsLibManager->FileNewCVButton->value = t
\a nrSetCurrentWindow(cdsLibManager)
\a nrSetCurrentWindow(cdsLibManager)
\a nrSetCurrentWindow(cdsLibManager)
\a nrSetCurrentWindow(cdsLibManager)
\a nrSetCurrentWindow(cdsLibManager)
\a nrSetCurrentWindow(cdsLibManager)
\a nrResizeWindow(cdsLibManager list(0 0 600 419))
\a nrSetCurrentWindow(cdsLibManager)
\a nrResizeWindow(cdsLibManager list(968 158 600 419))
\a cdsLibManager->cellListBox->value = "buttons_res"
\a cdsLibManager->viewListBox->value = "functional"
\a cdsLibManager->viewLineEdit->value = "functional"
\a nrResizeWindow(cdsLibManager list(419 60 600 419))
\a cdsLibManager->cellListBox->value = nil
\a cdsLibManager->viewLineEdit->value = ""
\a cdsLibManager->viewListBox->value = nil
\a nrListItemAction(cdsLibManager->cellListBox 0 0)
\a cdsLibManager->cellListBox->value = "buttons_res"
\a cdsLibManager->viewListBox->value = "functional"
\a cdsLibManager->viewLineEdit->value = "functional"
\a cdsLibManager->viewLineEdit->value = ""
\a cdsLibManager->viewListBox->value = nil
\o MPS request: edit design
\a cdsLibManager->cellLineEdit->value = "buttons_res"
\a nrSetCurrentWindow(cdsLibManager)
\a cdsLibManager->FileNewCVButton->value = t
\a nrSetCurrentWindow(cdsLibManager)
\a _lmgrCloseIconify("cdsLibManager" 1)
\a cdsLibManager->viewLineEdit->value = ""
\a nrResizeWindow(cdsLibManager list(0 0 600 419))
\o MPS service: shutdown
\o libManager is exiting.
\a nrSetWindowVisibility(cdsLibManager "hide")
\a exit(0)
