###############################################################
#  Generated by:      Cadence Innovus 17.11-s080_1
#  OS:                Linux x86_64(Host ID lab513-pc1)
#  Generated on:      Wed Jun 26 10:52:10 2019
#  Design:            elevator
#  Command:           checkPinAssignment
###############################################################

Start Checking pins of top cell: [elevator] 
Summary report for top level: [elevator] 
	Total Pins                         : 44
	Unplaced Pins                      : 44
End of Summary report
End Checking pins of top cell: [elevator] 


===========================================================================================================================
                                                checkPinAssignment Summary
===========================================================================================================================
Partition   | pads  | pins   | legal  | illegal | internal | internal illegal | FT     | FT illegal | constant | unplaced |
===========================================================================================================================
elevator    |     0 |     44 |      0 |       0 |        0 |                0 |      0 |          0 |        0 |       44 |
===========================================================================================================================
TOTAL       |     0 |     44 |      0 |       0 |        0 |                0 |      0 |          0 |        0 |       44 |
===========================================================================================================================
