Cadence Genus(TM) Synthesis Solution.
Copyright 2016 Cadence Design Systems, Inc. All rights reserved worldwide.
Cadence and the Cadence logo are registered trademarks and Genus is a trademark
of Cadence Design Systems, Inc. in the United States and other countries.

Version: 16.12-s027_1, built Wed Oct 05 2016
Options: -legacy_ui 
Date:    Tue Jun 25 22:48:23 2019
Host:    lab513-pc1 (x86_64 w/Linux 3.10.0-693.21.1.el7.x86_64) (4cores*4cpus*Intel(R) Core(TM) i5-4690 CPU @ 3.50GHz 6144KB) (7885488KB)
OS:      Scientific Linux release 7.4 (Nitrogen)

Checking out license: Genus_Synthesis

Loading tool scripts...
Finished loading tool scripts (34 seconds elapsed).

WARNING: This version of the tool is 993 days old.
legacy_genus:/> 
legacy_genus:/> 
legacy_genus:/> 
legacy_genus:/> source setup_elevator.tcl 
Sourcing './setup_elevator.tcl' (Tue Jun 25 22:50:00 +0200 2019)...
Tue Jun 25 22:50:00 +0200 2019
Error   : File error. [FILE-100] [set_attribute]
        : Cannot open file 'tt_g_1v20_25c.lib'
        : Make sure that the file is a readable regular file and has the specified name.
Error   : File error. [FILE-100] [set_attribute]
        : Cannot open file 'tt_hvt_1v20_25c.lib'
Error   : A library file does not exist. [LBR-68] [set_attribute]
        : File 'tt_g_1v20_25c.lib tt_hvt_1v20_25c.lib' could not be found. File '<none>' was the last file that was successfully read in.
        : Make sure that the library file exists or check for a typo in the file name.
Error   : The data value for this attribute is invalid. [TUI-24] [set_attribute]
        : The value '  tt_g_1v20_25c.lib  tt_hvt_1v20_25c.lib  ' cannot be set for attribute 'library'.
        : To see the usage/description for this attribute, type '::legacy::set_attribute -h <attr_name> *' (in legacy UI mode) or 'help * <attr_name> -detail' (in CUI mode).
1
legacy_genus:/> 
legacy_genus:/> 
legacy_genus:/> 
legacy_genus:/> exit
Normal exit.